Checking for classes at 2026-01-10 13:56:31.424336
Sent 30min reminders for Python (2026-01-10 14:00)
Checking for classes at 2026-01-10 14:06:02.893329
Checking for classes at 2026-01-10 14:16:02.952966
Checking for classes at 2026-01-10 14:26:02.763911
Checking for classes at 2026-01-10 14:36:02.770702
Checking for classes at 2026-01-10 14:46:02.770236
Checking for classes at 2026-01-10 14:56:02.852071
Checking for classes at 2026-01-10 15:06:03.898634
^CChecking for classes at 2026-01-10 15:26:02.772692
Processing batch: IIHS - Batch 1
Found 1 active enrollments.
Found 1 unique users with emails.
Attempting to send to: 'mdnajishkhan21@gmail.com' (User: mdnajishkhan21@gmail.com)
Send_mail returned: 1
Sent 30min reminders for Python and Html (2026-01-10 15:45)
Checking for classes at 2026-01-10 15:36:02.805913
Checking for classes at 2026-01-10 15:46:02.780233
Processing batch: IIHS - Batch 1
Found 1 active enrollments.
Found 1 unique users with emails.
Attempting to send to: 'mdnajishkhan21@gmail.com' (User: mdnajishkhan21@gmail.com)
Send_mail returned: 1
Sent 30min reminders for Python day 1 (2026-01-10 16:10)
Checking for classes at 2026-01-10 15:54:02.647931
Checking for classes at 2026-01-10 15:55:02.689722
Checking for classes at 2026-01-10 15:56:02.706722
Checking for classes at 2026-01-10 15:57:02.612084
Checking for classes at 2026-01-10 15:58:02.585038
Checking for classes at 2026-01-10 15:59:02.634789
Checking for classes at 2026-01-10 16:00:02.668315
Checking for classes at 2026-01-10 16:01:02.699715
Checking for classes at 2026-01-10 16:02:02.647836
Checking for classes at 2026-01-10 16:03:02.613552
Checking for classes at 2026-01-10 16:04:02.729477
Checking for classes at 2026-01-10 16:05:02.707363
Checking for classes at 2026-01-10 16:06:02.683575
Checking for classes at 2026-01-10 16:07:02.649756
Checking for classes at 2026-01-10 16:08:02.743556
Checking for classes at 2026-01-10 16:09:02.721530
Checking for classes at 2026-01-10 16:10:02.788378
Checking for classes at 2026-01-10 16:11:02.815802
Checking for classes at 2026-01-10 16:12:02.661151
Checking for classes at 2026-01-10 16:13:02.698053
Checking for classes at 2026-01-10 16:14:02.690794
Checking for classes at 2026-01-10 16:15:02.681579
Checking for classes at 2026-01-10 16:16:02.876625
Checking for classes at 2026-01-10 16:17:02.812128
Checking for classes at 2026-01-10 16:18:02.830872
Checking for classes at 2026-01-10 16:19:02.840145
Checking for classes at 2026-01-10 16:20:02.836610
Checking for classes at 2026-01-10 16:21:02.754159
Checking for classes at 2026-01-10 16:22:02.850246
Checking for classes at 2026-01-10 16:23:02.832516
Checking for classes at 2026-01-10 16:24:02.778019
Checking for classes at 2026-01-10 16:25:02.855675
Checking for classes at 2026-01-10 16:26:02.961584
Checking for classes at 2026-01-10 16:27:02.909374
Checking for classes at 2026-01-10 16:28:02.929997
Checking for classes at 2026-01-10 16:29:03.058824
Checking for classes at 2026-01-10 16:30:03.529653
Checking for classes at 2026-01-10 16:31:02.827253
Processing batch: IIHS - Batch 1
Found 1 active enrollments.
Found 1 unique users with emails.
Attempting to send to: 'mdnajishkhan21@gmail.com' (User: mdnajishkhan21@gmail.com)
Send_mail returned: 1
Sent 30min reminders for Python Class (2026-01-10 17:00)
Checking for classes at 2026-01-10 16:32:02.840622
Checking for classes at 2026-01-10 16:33:02.854491
Checking for classes at 2026-01-10 16:34:02.896567
Checking for classes at 2026-01-10 16:35:02.942567
Checking for classes at 2026-01-10 16:36:02.975116
Checking for classes at 2026-01-10 16:37:02.919522
Checking for classes at 2026-01-10 16:38:02.943036
Checking for classes at 2026-01-10 16:39:02.964188
Checking for classes at 2026-01-10 16:40:02.959309
Checking for classes at 2026-01-10 16:41:02.979443
Checking for classes at 2026-01-10 16:42:02.957142
Checking for classes at 2026-01-10 16:43:03.043944
Checking for classes at 2026-01-10 16:44:03.137032
Checking for classes at 2026-01-10 16:45:03.119496
Checking for classes at 2026-01-10 16:46:03.002973
Checking for classes at 2026-01-10 16:47:03.036966
Checking for classes at 2026-01-10 16:48:02.991193
Checking for classes at 2026-01-10 16:49:03.066515
Checking for classes at 2026-01-10 16:50:03.072950
Checking for classes at 2026-01-10 16:51:03.039367
Checking for classes at 2026-01-10 16:52:03.035029
Checking for classes at 2026-01-10 16:53:03.026423
Checking for classes at 2026-01-10 16:54:03.351154
Checking for classes at 2026-01-10 16:55:03.084976
Checking for classes at 2026-01-10 16:56:03.105529
Checking for classes at 2026-01-10 16:57:03.117154
Checking for classes at 2026-01-10 16:58:03.132797
Checking for classes at 2026-01-10 16:59:03.154554
Checking for classes at 2026-01-10 17:00:03.116364
Checking for classes at 2026-01-10 17:01:03.085396
Checking for classes at 2026-01-10 17:02:03.150280
Checking for classes at 2026-01-10 17:03:03.109262
Checking for classes at 2026-01-10 17:04:03.146037
Checking for classes at 2026-01-10 17:05:03.161559
Checking for classes at 2026-01-10 17:06:03.146155
Checking for classes at 2026-01-10 17:07:03.120958
Checking for classes at 2026-01-10 17:08:03.272517
Checking for classes at 2026-01-10 17:09:03.247214
Checking for classes at 2026-01-10 17:10:03.187745
Checking for classes at 2026-01-10 17:11:03.207475
Checking for classes at 2026-01-10 17:12:03.231467
Checking for classes at 2026-01-10 17:13:03.233656
Checking for classes at 2026-01-10 17:14:03.253601
Checking for classes at 2026-01-10 17:15:03.180545
Checking for classes at 2026-01-10 17:16:03.247889
Checking for classes at 2026-01-10 17:17:03.209356
Checking for classes at 2026-01-10 17:18:03.309825
Checking for classes at 2026-01-10 17:19:03.274345
Checking for classes at 2026-01-10 17:20:03.231234
Checking for classes at 2026-01-10 17:21:03.283819
Checking for classes at 2026-01-10 17:22:03.292905
Checking for classes at 2026-01-10 17:23:03.263236
Checking for classes at 2026-01-10 17:24:03.279331
Checking for classes at 2026-01-10 17:25:03.253011
Checking for classes at 2026-01-10 17:26:03.246258
Checking for classes at 2026-01-10 17:27:03.299557
Checking for classes at 2026-01-10 17:28:03.264760
Checking for classes at 2026-01-10 17:29:03.270858
Checking for classes at 2026-01-10 17:30:03.357771
Checking for classes at 2026-01-10 17:31:03.248655
Checking for classes at 2026-01-10 17:32:03.306449
